2026-03-17 22:05:16,820 - INFO - Iniciando extracción (Intento 1/3)...
2026-03-17 22:05:17,176 - INFO - Extracción exitosa.
2026-03-17 22:05:17,179 - INFO - Iniciando transformación de datos...
2026-03-17 22:05:17,187 - INFO - Transformación completada (5 registros procesados).
2026-03-17 22:05:17,188 - INFO - Iniciando carga en la base de datos crypto_data.db...
2026-03-17 22:05:17,192 - ERROR - Error crítico durante la carga en SQL: table prices has no column named symbol
2026-03-17 22:09:08,385 - INFO - Iniciando extracción (Intento 1/3)...
2026-03-17 22:09:08,859 - INFO - Extracción exitosa.
2026-03-17 22:09:08,861 - INFO - Iniciando transformación de datos...
2026-03-17 22:09:08,873 - INFO - Transformación completada (5 registros procesados).
2026-03-17 22:09:08,874 - INFO - Iniciando carga en la base de datos crypto_data.db...
2026-03-17 22:09:08,878 - INFO - Carga exitosa. Datos persistidos.
2026-03-18 04:12:47,009 - INFO - Iniciando extracción (Intento 1/3)...
2026-03-18 04:12:47,150 - INFO - Extracción exitosa.
2026-03-18 04:12:47,151 - INFO - Iniciando transformación de datos...
2026-03-18 04:12:47,154 - INFO - Transformación completada (5 registros procesados).
2026-03-18 04:12:47,155 - INFO - Iniciando carga en la base de datos crypto_data.db...
2026-03-18 04:12:47,162 - INFO - Carga exitosa. Datos persistidos.
2026-03-18 05:37:47,783 - INFO - Iniciando extracción (Intento 1/3)...
2026-03-18 05:37:48,009 - INFO - Extracción exitosa.
2026-03-18 05:37:48,010 - INFO - Iniciando transformación de datos...
2026-03-18 05:37:48,013 - INFO - Transformación completada (5 registros procesados).
2026-03-18 05:37:48,013 - INFO - Iniciando carga en la base de datos crypto_data.db...
2026-03-18 05:37:48,017 - INFO - Carga exitosa. Datos persistidos.
2026-03-18 07:11:29,980 - INFO - Iniciando extracción (Intento 1/3)...
2026-03-18 07:11:30,127 - INFO - Extracción exitosa.
2026-03-18 07:11:30,128 - INFO - Iniciando transformación de datos...
2026-03-18 07:11:30,131 - INFO - Transformación completada (5 registros procesados).
2026-03-18 07:11:30,131 - INFO - Iniciando carga en la base de datos crypto_data.db...
2026-03-18 07:11:30,136 - INFO - Carga exitosa. Datos persistidos.
2026-03-18 08:59:11,978 - INFO - Iniciando extracción (Intento 1/3)...
2026-03-18 08:59:12,183 - INFO - Extracción exitosa.
2026-03-18 08:59:12,184 - INFO - Iniciando transformación de datos...
2026-03-18 08:59:12,186 - INFO - Transformación completada (5 registros procesados).
2026-03-18 08:59:12,186 - INFO - Iniciando carga en la base de datos crypto_data.db...
2026-03-18 08:59:12,190 - INFO - Carga exitosa. Datos persistidos.
2026-03-18 10:06:32,677 - INFO - Iniciando extracción (Intento 1/3)...
2026-03-18 10:06:32,847 - INFO - Extracción exitosa.
2026-03-18 10:06:32,848 - INFO - Iniciando transformación de datos...
2026-03-18 10:06:32,852 - INFO - Transformación completada (5 registros procesados).
2026-03-18 10:06:32,852 - INFO - Iniciando carga en la base de datos crypto_data.db...
2026-03-18 10:06:32,858 - INFO - Carga exitosa. Datos persistidos.
2026-03-18 11:51:10,087 - INFO - Iniciando extracción (Intento 1/3)...
2026-03-18 11:51:10,260 - INFO - Extracción exitosa.
2026-03-18 11:51:10,262 - INFO - Iniciando transformación de datos...
2026-03-18 11:51:10,267 - INFO - Transformación completada (5 registros procesados).
2026-03-18 11:51:10,267 - INFO - Iniciando carga en la base de datos crypto_data.db...
2026-03-18 11:51:10,272 - INFO - Carga exitosa. Datos persistidos.
2026-03-18 13:28:01,272 - INFO - Iniciando extracción (Intento 1/3)...
2026-03-18 13:28:01,563 - INFO - Extracción exitosa.
2026-03-18 13:28:01,564 - INFO - Iniciando transformación de datos...
2026-03-18 13:28:01,567 - INFO - Transformación completada (5 registros procesados).
2026-03-18 13:28:01,568 - INFO - Iniciando carga en la base de datos crypto_data.db...
2026-03-18 13:28:01,572 - INFO - Carga exitosa. Datos persistidos.
2026-03-18 15:12:05,722 - INFO - Iniciando extracción (Intento 1/3)...
2026-03-18 15:12:05,871 - INFO - Extracción exitosa.
2026-03-18 15:12:05,872 - INFO - Iniciando transformación de datos...
2026-03-18 15:12:05,875 - INFO - Transformación completada (5 registros procesados).
2026-03-18 15:12:05,875 - INFO - Iniciando carga en la base de datos crypto_data.db...
2026-03-18 15:12:05,880 - INFO - Carga exitosa. Datos persistidos.
2026-03-18 17:10:27,463 - INFO - Iniciando extracción (Intento 1/3)...
2026-03-18 17:10:27,811 - INFO - Extracción exitosa.
2026-03-18 17:10:27,812 - INFO - Iniciando transformación de datos...
2026-03-18 17:10:27,815 - INFO - Transformación completada (5 registros procesados).
2026-03-18 17:10:27,815 - INFO - Iniciando carga en la base de datos crypto_data.db...
2026-03-18 17:10:27,821 - INFO - Carga exitosa. Datos persistidos.
2026-03-18 19:12:20,413 - INFO - Iniciando extracción (Intento 1/3)...
2026-03-18 19:12:20,571 - INFO - Extracción exitosa.
2026-03-18 19:12:20,572 - INFO - Iniciando transformación de datos...
2026-03-18 19:12:20,575 - INFO - Transformación completada (5 registros procesados).
2026-03-18 19:12:20,575 - INFO - Iniciando carga en la base de datos crypto_data.db...
2026-03-18 19:12:20,581 - INFO - Carga exitosa. Datos persistidos.
2026-03-18 20:47:28,263 - INFO - Iniciando extracción (Intento 1/3)...
2026-03-18 20:47:28,405 - INFO - Extracción exitosa.
2026-03-18 20:47:28,406 - INFO - Iniciando transformación de datos...
2026-03-18 20:47:28,410 - INFO - Transformación completada (5 registros procesados).
2026-03-18 20:47:28,410 - INFO - Iniciando carga en la base de datos crypto_data.db...
2026-03-18 20:47:28,415 - INFO - Carga exitosa. Datos persistidos.
2026-03-18 21:41:27,388 - INFO - Iniciando extracción (Intento 1/3)...
2026-03-18 21:41:27,632 - INFO - Extracción exitosa.
2026-03-18 21:41:27,634 - INFO - Iniciando transformación de datos...
2026-03-18 21:41:27,637 - INFO - Transformación completada (5 registros procesados).
2026-03-18 21:41:27,637 - INFO - Iniciando carga en la base de datos crypto_data.db...
2026-03-18 21:41:27,641 - INFO - Carga exitosa. Datos persistidos.
2026-03-18 22:38:32,880 - INFO - Iniciando extracción (Intento 1/3)...
2026-03-18 22:38:32,985 - INFO - Extracción exitosa.
2026-03-18 22:38:32,987 - INFO - Iniciando transformación de datos...
2026-03-18 22:38:32,990 - INFO - Transformación completada (5 registros procesados).
2026-03-18 22:38:32,990 - INFO - Iniciando carga en la base de datos crypto_data.db...
2026-03-18 22:38:32,995 - INFO - Carga exitosa. Datos persistidos.
2026-03-18 23:36:27,469 - INFO - Iniciando extracción (Intento 1/3)...
2026-03-18 23:36:27,818 - INFO - Extracción exitosa.
2026-03-18 23:36:27,820 - INFO - Iniciando transformación de datos...
2026-03-18 23:36:27,824 - INFO - Transformación completada (5 registros procesados).
2026-03-18 23:36:27,824 - INFO - Iniciando carga en la base de datos crypto_data.db...
2026-03-18 23:36:27,829 - INFO - Carga exitosa. Datos persistidos.
2026-03-19 02:49:31,188 - INFO - Iniciando extracción (Intento 1/3)...
2026-03-19 02:49:31,540 - INFO - Extracción exitosa.
2026-03-19 02:49:31,542 - INFO - Iniciando transformación de datos...
2026-03-19 02:49:31,545 - INFO - Transformación completada (5 registros procesados).
2026-03-19 02:49:31,545 - INFO - Iniciando carga en la base de datos crypto_data.db...
2026-03-19 02:49:31,549 - INFO - Carga exitosa. Datos persistidos.
2026-03-19 05:00:30,469 - INFO - Iniciando extracción (Intento 1/3)...
2026-03-19 05:00:30,664 - INFO - Extracción exitosa.
2026-03-19 05:00:30,665 - INFO - Iniciando transformación de datos...
2026-03-19 05:00:30,668 - INFO - Transformación completada (5 registros procesados).
2026-03-19 05:00:30,668 - INFO - Iniciando carga en la base de datos crypto_data.db...
2026-03-19 05:00:30,674 - INFO - Carga exitosa. Datos persistidos.
2026-03-19 07:06:38,670 - INFO - Iniciando extracción (Intento 1/3)...
2026-03-19 07:06:38,908 - INFO - Extracción exitosa.
2026-03-19 07:06:38,909 - INFO - Iniciando transformación de datos...
2026-03-19 07:06:38,912 - INFO - Transformación completada (5 registros procesados).
2026-03-19 07:06:38,913 - INFO - Iniciando carga en la base de datos crypto_data.db...
2026-03-19 07:06:38,919 - INFO - Carga exitosa. Datos persistidos.
2026-03-19 08:53:28,758 - INFO - Iniciando extracción (Intento 1/3)...
2026-03-19 08:53:28,936 - INFO - Extracción exitosa.
2026-03-19 08:53:28,937 - INFO - Iniciando transformación de datos...
2026-03-19 08:53:28,940 - INFO - Transformación completada (5 registros procesados).
2026-03-19 08:53:28,940 - INFO - Iniciando carga en la base de datos crypto_data.db...
2026-03-19 08:53:28,945 - INFO - Carga exitosa. Datos persistidos.
2026-03-19 09:54:28,060 - INFO - Iniciando extracción (Intento 1/3)...
2026-03-19 09:54:28,289 - INFO - Extracción exitosa.
2026-03-19 09:54:28,290 - INFO - Iniciando transformación de datos...
2026-03-19 09:54:28,293 - INFO - Transformación completada (5 registros procesados).
2026-03-19 09:54:28,293 - INFO - Iniciando carga en la base de datos crypto_data.db...
2026-03-19 09:54:28,297 - INFO - Carga exitosa. Datos persistidos.
2026-03-19 10:51:16,403 - INFO - Iniciando extracción (Intento 1/3)...
2026-03-19 10:51:16,558 - INFO - Extracción exitosa.
2026-03-19 10:51:16,559 - INFO - Iniciando transformación de datos...
2026-03-19 10:51:16,563 - INFO - Transformación completada (5 registros procesados).
2026-03-19 10:51:16,563 - INFO - Iniciando carga en la base de datos crypto_data.db...
2026-03-19 10:51:16,568 - INFO - Carga exitosa. Datos persistidos.
2026-03-19 11:41:03,641 - INFO - Iniciando extracción (Intento 1/3)...
2026-03-19 11:41:03,762 - INFO - Extracción exitosa.
2026-03-19 11:41:03,763 - INFO - Iniciando transformación de datos...
2026-03-19 11:41:03,766 - INFO - Transformación completada (5 registros procesados).
2026-03-19 11:41:03,766 - INFO - Iniciando carga en la base de datos crypto_data.db...
2026-03-19 11:41:03,771 - INFO - Carga exitosa. Datos persistidos.
